-------------------------------------------------------------------------------
Test set: com.courses.Spring1ApplicationTests
-------------------------------------------------------------------------------
Tests run: 1, Failures: 0, Errors: 1, Skipped: 0, Time elapsed: 6.174 s <<< FAILURE! - in com.courses.Spring1ApplicationTests
test_case1  Time elapsed: 0.374 s  <<< ERROR!
java.net.MalformedURLException: no protocol: /courses
	at com.courses.Spring1ApplicationTests.test_case1(Spring1ApplicationTests.java:31)

